# JRE version: Java(TM) SE Runtime Environment (8.0_191-b12) (build 1.8.0_191-b12)
# Java VM: Java HotSpot(TM) 64-Bit Server VM (25.191-b12 mixed mode linux-amd64 compressed oops)
Heap:
 PSYoungGen      total 232960K, used 0K [0x00000000eab00000, 0x0000000100000000, 0x0000000100000000)
  eden space 116736K, 0% used [0x00000000eab00000,0x00000000eab00000,0x00000000f1d00000)
  from space 116224K, 0% used [0x00000000f1d00000,0x00000000f1d00000,0x00000000f8e80000)
  to   space 116224K, 0% used [0x00000000f8e80000,0x00000000f8e80000,0x0000000100000000)
 ParOldGen       total 458752K, used 405410K [0x00000000c0000000, 0x00000000dc000000, 0x00000000eab00000)
  object space 458752K, 88% used [0x00000000c0000000,0x00000000d8be8b50,0x00000000dc000000)
 Metaspace       used 17319K, capacity 17624K, committed 17792K, reserved 1064960K
  class space    used 2026K, capacity 2164K, committed 2176K, reserved 1048576K
GC Heap History (10 events):
Event: 20.416 GC heap after
Heap after GC invocations=9 (full 0):
 PSYoungGen      total 232960K, used 101489K [0x00000000eab00000, 0x0000000100000000, 0x0000000100000000)
  eden space 116736K, 0% used [0x00000000eab00000,0x00000000eab00000,0x00000000f1d00000)
  from space 116224K, 87% used [0x00000000f1d00000,0x00000000f801c770,0x00000000f8e80000)
  to   space 116224K, 0% used [0x00000000f8e80000,0x00000000f8e80000,0x0000000100000000)
 ParOldGen       total 458752K, used 226968K [0x00000000c0000000, 0x00000000dc000000, 0x00000000eab00000)
  object space 458752K, 49% used [0x00000000c0000000,0x00000000cdda6270,0x00000000dc000000)
 Metaspace       used 15899K, capacity 16114K, committed 16384K, reserved 1062912K
  class space    used 1861K, capacity 1983K, committed 2048K, reserved 1048576K
}
Event: 31.687 GC heap before
{Heap before GC invocations=10 (full 0):
 PSYoungGen      total 232960K, used 218225K [0x00000000eab00000, 0x0000000100000000, 0x0000000100000000)
  eden space 116736K, 100% used [0x00000000eab00000,0x00000000f1d00000,0x00000000f1d00000)
  from space 116224K, 87% used [0x00000000f1d00000,0x00000000f801c770,0x00000000f8e80000)
  to   space 116224K, 0% used [0x00000000f8e80000,0x00000000f8e80000,0x0000000100000000)
 ParOldGen       total 458752K, used 226968K [0x00000000c0000000, 0x00000000dc000000, 0x00000000eab00000)
  object space 458752K, 49% used [0x00000000c0000000,0x00000000cdda6270,0x00000000dc000000)
 Metaspace       used 17131K, capacity 17426K, committed 17536K, reserved 1064960K
  class space    used 2022K, capacity 2163K, committed 2176K, reserved 1048576K
Event: 39.090 GC heap after
Heap after GC invocations=10 (full 0):
 PSYoungGen      total 232960K, used 56985K [0x00000000eab00000, 0x0000000100000000, 0x0000000100000000)
  eden space 116736K, 0% used [0x00000000eab00000,0x00000000eab00000,0x00000000f1d00000)
  from space 116224K, 49% used [0x00000000f8e80000,0x00000000fc626710,0x0000000100000000)
  to   space 116224K, 0% used [0x00000000f1d00000,0x00000000f1d00000,0x00000000f8e80000)
 ParOldGen       total 458752K, used 287656K [0x00000000c0000000, 0x00000000dc000000, 0x00000000eab00000)
  object space 458752K, 62% used [0x00000000c0000000,0x00000000d18ea270,0x00000000dc000000)
 Metaspace       used 17131K, capacity 17426K, committed 17536K, reserved 1064960K
  class space    used 2022K, capacity 2163K, committed 2176K, reserved 1048576K
}
Event: 60.213 GC heap before
{Heap before GC invocations=11 (full 0):
 PSYoungGen      total 232960K, used 173721K [0x00000000eab00000, 0x0000000100000000, 0x0000000100000000)
  eden space 116736K, 100% used [0x00000000eab00000,0x00000000f1d00000,0x00000000f1d00000)
  from space 116224K, 49% used [0x00000000f8e80000,0x00000000fc626710,0x0000000100000000)
  to   space 116224K, 0% used [0x00000000f1d00000,0x00000000f1d00000,0x00000000f8e80000)
 ParOldGen       total 458752K, used 287656K [0x00000000c0000000, 0x00000000dc000000, 0x00000000eab00000)
  object space 458752K, 62% used [0x00000000c0000000,0x00000000d18ea270,0x00000000dc000000)
 Metaspace       used 17249K, capacity 17560K, committed 17792K, reserved 1064960K
  class space    used 2024K, capacity 2164K, committed 2176K, reserved 1048576K
Event: 70.855 GC heap after
Heap after GC invocations=11 (full 0):
 PSYoungGen      total 232960K, used 21216K [0x00000000eab00000, 0x0000000100000000, 0x0000000100000000)
  eden space 116736K, 0% used [0x00000000eab00000,0x00000000eab00000,0x00000000f1d00000)
  from space 116224K, 18% used [0x00000000f1d00000,0x00000000f31b8000,0x00000000f8e80000)
  to   space 116224K, 0% used [0x00000000f8e80000,0x00000000f8e80000,0x0000000100000000)
 ParOldGen       total 458752K, used 343708K [0x00000000c0000000, 0x00000000dc000000, 0x00000000eab00000)
  object space 458752K, 74% used [0x00000000c0000000,0x00000000d4fa7280,0x00000000dc000000)
 Metaspace       used 17249K, capacity 17560K, committed 17792K, reserved 1064960K
  class space    used 2024K, capacity 2164K, committed 2176K, reserved 1048576K
}
Event: 87.882 GC heap before
{Heap before GC invocations=12 (full 0):
 PSYoungGen      total 232960K, used 137952K [0x00000000eab00000, 0x0000000100000000, 0x0000000100000000)
  eden space 116736K, 100% used [0x00000000eab00000,0x00000000f1d00000,0x00000000f1d00000)
  from space 116224K, 18% used [0x00000000f1d00000,0x00000000f31b8000,0x00000000f8e80000)
  to   space 116224K, 0% used [0x00000000f8e80000,0x00000000f8e80000,0x0000000100000000)
 ParOldGen       total 458752K, used 343708K [0x00000000c0000000, 0x00000000dc000000, 0x00000000eab00000)
  object space 458752K, 74% used [0x00000000c0000000,0x00000000d4fa7280,0x00000000dc000000)
 Metaspace       used 17307K, capacity 17624K, committed 17792K, reserved 1064960K
  class space    used 2024K, capacity 2164K, committed 2176K, reserved 1048576K
Event: 88.157 GC heap after
Heap after GC invocations=12 (full 0):
 PSYoungGen      total 232960K, used 22688K [0x00000000eab00000, 0x0000000100000000, 0x0000000100000000)
  eden space 116736K, 0% used [0x00000000eab00000,0x00000000eab00000,0x00000000f1d00000)
  from space 116224K, 19% used [0x00000000f8e80000,0x00000000fa4a8000,0x0000000100000000)
  to   space 116224K, 0% used [0x00000000f1d00000,0x00000000f1d00000,0x00000000f8e80000)
 ParOldGen       total 458752K, used 364900K [0x00000000c0000000, 0x00000000dc000000, 0x00000000eab00000)
  object space 458752K, 79% used [0x00000000c0000000,0x00000000d6459280,0x00000000dc000000)
 Metaspace       used 17307K, capacity 17624K, committed 17792K, reserved 1064960K
  class space    used 2024K, capacity 2164K, committed 2176K, reserved 1048576K
}
Event: 100.397 GC heap before
{Heap before GC invocations=13 (full 0):
 PSYoungGen      total 232960K, used 139424K [0x00000000eab00000, 0x0000000100000000, 0x0000000100000000)
  eden space 116736K, 100% used [0x00000000eab00000,0x00000000f1d00000,0x00000000f1d00000)
  from space 116224K, 19% used [0x00000000f8e80000,0x00000000fa4a8000,0x0000000100000000)
  to   space 116224K, 0% used [0x00000000f1d00000,0x00000000f1d00000,0x00000000f8e80000)
 ParOldGen       total 458752K, used 364900K [0x00000000c0000000, 0x00000000dc000000, 0x00000000eab00000)
  object space 458752K, 79% used [0x00000000c0000000,0x00000000d6459280,0x00000000dc000000)
 Metaspace       used 17319K, capacity 17624K, committed 17792K, reserved 1064960K
  class space    used 2026K, capacity 2164K, committed 2176K, reserved 1048576K
Event: 100.566 GC heap after
Heap after GC invocations=13 (full 0):
 PSYoungGen      total 232960K, used 23584K [0x00000000eab00000, 0x0000000100000000, 0x0000000100000000)
  eden space 116736K, 0% used [0x00000000eab00000,0x00000000eab00000,0x00000000f1d00000)
  from space 116224K, 20% used [0x00000000f1d00000,0x00000000f3408000,0x00000000f8e80000)
  to   space 116224K, 0% used [0x00000000f8e80000,0x00000000f8e80000,0x0000000100000000)
 ParOldGen       total 458752K, used 387620K [0x00000000c0000000, 0x00000000dc000000, 0x00000000eab00000)
  object space 458752K, 84% used [0x00000000c0000000,0x00000000d7a89280,0x00000000dc000000)
 Metaspace       used 17319K, capacity 17624K, committed 17792K, reserved 1064960K
  class space    used 2026K, capacity 2164K, committed 2176K, reserved 1048576K
}
Event: 100.567 GC heap before
{Heap before GC invocations=14 (full 1):
 PSYoungGen      total 232960K, used 23584K [0x00000000eab00000, 0x0000000100000000, 0x0000000100000000)
  eden space 116736K, 0% used [0x00000000eab00000,0x00000000eab00000,0x00000000f1d00000)
  from space 116224K, 20% used [0x00000000f1d00000,0x00000000f3408000,0x00000000f8e80000)
  to   space 116224K, 0% used [0x00000000f8e80000,0x00000000f8e80000,0x0000000100000000)
 ParOldGen       total 458752K, used 387620K [0x00000000c0000000, 0x00000000dc000000, 0x00000000eab00000)
  object space 458752K, 84% used [0x00000000c0000000,0x00000000d7a89280,0x00000000dc000000)
 Metaspace       used 17319K, capacity 17624K, committed 17792K, reserved 1064960K
  class space    used 2026K, capacity 2164K, committed 2176K, reserved 1048576K

